#
# There is insufficient memory for the Java Runtime Environment to continue.
# Native memory allocation (malloc) failed to allocate 1081056 bytes for Chunk::new
# Possible reasons:
#   The system is out of physical RAM or swap space
#   In 32 bit mode, the process size limit was hit
# Possible solutions:
#   Reduce memory load on the system
#   Increase physical memory or swap space
#   Check if swap backing store is full
#   Use 64 bit Java on a 64 bit OS
#   Decrease Java heap size (-Xmx/-Xms)
#   Decrease number of Java threads
#   Decrease Java thread stack sizes (-Xss)
#   Set larger code cache with -XX:ReservedCodeCacheSize=
# This output file may be truncated or incomplete.
#
#  Out of Memory Error (allocation.cpp:390), pid=19404, tid=0x0000000000000bc8
#
# JRE version: Java(TM) SE Runtime Environment (8.0_171-b11) (build 1.8.0_171-b11)
# Java VM: Java HotSpot(TM) 64-Bit Server VM (25.171-b11 mixed mode windows-amd64 compressed oops)
# Failed to write core dump. Minidumps are not enabled by default on client versions of Windows
#

---------------  T H R E A D  ---------------

Current thread (0x000000001a3e2000):  JavaThread "C2 CompilerThread0" daemon [_thread_in_native, id=3016, stack(0x000000001ab20000,0x000000001ac20000)]

Stack: [0x000000001ab20000,0x000000001ac20000]
[error occurred during error reporting (printing stack bounds), id 0xc0000005]

Native frames: (J=compiled Java code, j=interpreted, Vv=VM code, C=native code)


Current CompileTask:
C2:   3230 2166       4       java.net.URLClassLoader$1::run (5 bytes)


---------------  P R O C E S S  ---------------

Java Threads: ( => current thread )
  0x000000001a495800 JavaThread "Service Thread" daemon [_thread_blocked, id=24748, stack(0x000000001af20000,0x000000001b020000)]
  0x000000001a3f4000 JavaThread "C1 CompilerThread3" daemon [_thread_in_native, id=21112, stack(0x000000001ae20000,0x000000001af20000)]
  0x000000001a3e4000 JavaThread "C2 CompilerThread2" daemon [_thread_in_native, id=25996, stack(0x000000001ad20000,0x000000001ae20000)]
  0x000000001a3e2800 JavaThread "C2 CompilerThread1" daemon [_thread_in_native, id=4224, stack(0x000000001ac20000,0x000000001ad20000)]
=>0x000000001a3e2000 JavaThread "C2 CompilerThread0" daemon [_thread_in_native, id=3016, stack(0x000000001ab20000,0x000000001ac20000)]
  0x000000001844e000 JavaThread "Monitor Ctrl-Break" daemon [_thread_in_native, id=30844, stack(0x000000001aa20000,0x000000001ab20000)]
  0x000000001a366800 JavaThread "Attach Listener" daemon [_thread_blocked, id=9820, stack(0x000000001a920000,0x000000001aa20000)]
  0x000000001a365800 JavaThread "Signal Dispatcher" daemon [_thread_blocked, id=32416, stack(0x000000001a820000,0x000000001a920000)]
  0x000000001a341800 JavaThread "Finalizer" daemon [_thread_blocked, id=4312, stack(0x000000001a720000,0x000000001a820000)]
  0x000000000363d800 JavaThread "Reference Handler" daemon [_thread_blocked, id=29764, stack(0x000000001a220000,0x000000001a320000)]
  0x00000000033bd000 JavaThread "main" [_thread_in_native, id=21972, stack(0x00000000031e0000,0x00000000032e0000)]

Other Threads:
  0x000000001843a000 VMThread [stack: 0x000000001a120000,0x000000001a220000] [id=33364]
  0x000000001a4ab000 WatcherThread [stack: 0x000000001b020000,0x000000001b120000] [id=15168]

VM state:not at safepoint (normal execution)

VM Mutex/Monitor currently owned by a thread: None

Heap:
 PSYoungGen      total 65536K, used 16655K [0x00000000d6b80000, 0x00000000ddd80000, 0x0000000100000000)
  eden space 60416K, 19% used [0x00000000d6b80000,0x00000000d76c43f8,0x00000000da680000)
  from space 5120K, 99% used [0x00000000dae80000,0x00000000db37fac8,0x00000000db380000)
  to   space 8192K, 0% used [0x00000000da680000,0x00000000da680000,0x00000000dae80000)
 ParOldGen       total 51712K, used 5889K [0x0000000084200000, 0x0000000087480000, 0x00000000d6b80000)
  object space 51712K, 11% used [0x0000000084200000,0x00000000847c0670,0x0000000087480000)
 Metaspace       used 24142K, capacity 25992K, committed 26160K, reserved 1071104K
  class space    used 3162K, capacity 3506K, committed 3632K, reserved 1048576K

Card table byte_map: [0x0000000012a00000,0x0000000012de0000] byte_map_base: 0x00000000125df000

Marking Bits: (ParMarkBitMap*) 0x00000000610908c0
 Begin Bits: [0x0000000013880000, 0x0000000015778000)
 End Bits:   [0x0000000015778000, 0x0000000017670000)

Polling page: 0x0000000001060000

CodeCache: size=245760Kb used=7743Kb max_used=7743Kb free=238016Kb
 bounds [0x0000000003640000, 0x0000000003de0000, 0x0000000012640000]
 total_blobs=2619 nmethods=2251 adapters=280
 compilation: enabled

Compilation events (10 events):
Event: 3.223 Thread 0x000000001a3e4000 nmethod 2240 0x0000000003dacc50 code [0x0000000003dacd80, 0x0000000003dacdf8]
Event: 3.224 Thread 0x000000001a3f4000 nmethod 2239 0x0000000003dcd410 code [0x0000000003dcd7a0, 0x0000000003dcf968]
Event: 3.224 Thread 0x000000001a3f4000 2241       3       org.springframework.core.ResolvableType::isAssignableFrom (10 bytes)
Event: 3.224 Thread 0x000000001a3f4000 nmethod 2241 0x0000000003dcced0 code [0x0000000003dcd060, 0x0000000003dcd2f8]
Event: 3.224 Thread 0x000000001a3f4000 2242       3       java.util.ArrayList::toArray (12 bytes)
Event: 3.224 Thread 0x000000001a3f4000 nmethod 2242 0x0000000003dcc9d0 code [0x0000000003dccb40, 0x0000000003dccde8]
Event: 3.224 Thread 0x000000001a3f4000 2244       3       org.springframework.util.StringUtils::collectionToDelimitedString (84 bytes)
Event: 3.225 Thread 0x000000001a3f4000 nmethod 2244 0x0000000003dcad90 code [0x0000000003dcb020, 0x0000000003dcc1e8]
Event: 3.225 Thread 0x000000001a3f4000 2243       3       org.springframework.util.StringUtils::collectionToDelimitedString (10 bytes)
Event: 3.225 Thread 0x000000001a3f4000 nmethod 2243 0x0000000003dcaa10 code [0x0000000003dcab80, 0x0000000003dcace8]

GC Heap History (10 events):
Event: 1.807 GC heap before
{Heap before GC invocations=3 (full 0):
 PSYoungGen      total 36864K, used 36855K [0x00000000d6b80000, 0x00000000db380000, 0x0000000100000000)
  eden space 31744K, 100% used [0x00000000d6b80000,0x00000000d8a80000,0x00000000d8a80000)
  from space 5120K, 99% used [0x00000000d8f80000,0x00000000d947df10,0x00000000d9480000)
  to   space 5120K, 0% used [0x00000000d8a80000,0x00000000d8a80000,0x00000000d8f80000)
 ParOldGen       total 84992K, used 332K [0x0000000084200000, 0x0000000089500000, 0x00000000d6b80000)
  object space 84992K, 0% used [0x0000000084200000,0x0000000084253138,0x0000000089500000)
 Metaspace       used 15554K, capacity 16870K, committed 17152K, reserved 1064960K
  class space    used 2021K, capacity 2277K, committed 2304K, reserved 1048576K
Event: 1.814 GC heap after
Heap after GC invocations=3 (full 0):
 PSYoungGen      total 36864K, used 5097K [0x00000000d6b80000, 0x00000000db380000, 0x0000000100000000)
  eden space 31744K, 0% used [0x00000000d6b80000,0x00000000d6b80000,0x00000000d8a80000)
  from space 5120K, 99% used [0x00000000d8a80000,0x00000000d8f7a5c0,0x00000000d8f80000)
  to   space 5120K, 0% used [0x00000000dae80000,0x00000000dae80000,0x00000000db380000)
 ParOldGen       total 84992K, used 1426K [0x0000000084200000, 0x0000000089500000, 0x00000000d6b80000)
  object space 84992K, 1% used [0x0000000084200000,0x00000000843648f8,0x0000000089500000)
 Metaspace       used 15554K, capacity 16870K, committed 17152K, reserved 1064960K
  class space    used 2021K, capacity 2277K, committed 2304K, reserved 1048576K
}
Event: 2.309 GC heap before
{Heap before GC invocations=4 (full 0):
 PSYoungGen      total 36864K, used 36823K [0x00000000d6b80000, 0x00000000db380000, 0x0000000100000000)
  eden space 31744K, 99% used [0x00000000d6b80000,0x00000000d8a7b718,0x00000000d8a80000)
  from space 5120K, 99% used [0x00000000d8a80000,0x00000000d8f7a5c0,0x00000000d8f80000)
  to   space 5120K, 0% used [0x00000000dae80000,0x00000000dae80000,0x00000000db380000)
 ParOldGen       total 84992K, used 1426K [0x0000000084200000, 0x0000000089500000, 0x00000000d6b80000)
  object space 84992K, 1% used [0x0000000084200000,0x00000000843648f8,0x0000000089500000)
 Metaspace       used 19296K, capacity 20762K, committed 20992K, reserved 1067008K
  class space    used 2483K, capacity 2759K, committed 2816K, reserved 1048576K
Event: 2.319 GC heap after
Heap after GC invocations=4 (full 0):
 PSYoungGen      total 68608K, used 5102K [0x00000000d6b80000, 0x00000000db380000, 0x0000000100000000)
  eden space 63488K, 0% used [0x00000000d6b80000,0x00000000d6b80000,0x00000000da980000)
  from space 5120K, 99% used [0x00000000dae80000,0x00000000db37b9c8,0x00000000db380000)
  to   space 5120K, 0% used [0x00000000da980000,0x00000000da980000,0x00000000dae80000)
 ParOldGen       total 84992K, used 4180K [0x0000000084200000, 0x0000000089500000, 0x00000000d6b80000)
  object space 84992K, 4% used [0x0000000084200000,0x0000000084615178,0x0000000089500000)
 Metaspace       used 19296K, capacity 20762K, committed 20992K, reserved 1067008K
  class space    used 2483K, capacity 2759K, committed 2816K, reserved 1048576K
}
Event: 2.373 GC heap before
{Heap before GC invocations=5 (full 0):
 PSYoungGen      total 68608K, used 10672K [0x00000000d6b80000, 0x00000000db380000, 0x0000000100000000)
  eden space 63488K, 8% used [0x00000000d6b80000,0x00000000d70f0a10,0x00000000da980000)
  from space 5120K, 99% used [0x00000000dae80000,0x00000000db37b9c8,0x00000000db380000)
  to   space 5120K, 0% used [0x00000000da980000,0x00000000da980000,0x00000000dae80000)
 ParOldGen       total 84992K, used 4180K [0x0000000084200000, 0x0000000089500000, 0x00000000d6b80000)
  object space 84992K, 4% used [0x0000000084200000,0x0000000084615178,0x0000000089500000)
 Metaspace       used 19823K, capacity 21264K, committed 21296K, reserved 1067008K
  class space    used 2558K, capacity 2834K, committed 2864K, reserved 1048576K
Event: 2.379 GC heap after
Heap after GC invocations=5 (full 0):
 PSYoungGen      total 68608K, used 5117K [0x00000000d6b80000, 0x00000000db380000, 0x0000000100000000)
  eden space 63488K, 0% used [0x00000000d6b80000,0x00000000d6b80000,0x00000000da980000)
  from space 5120K, 99% used [0x00000000da980000,0x00000000dae7f458,0x00000000dae80000)
  to   space 5120K, 0% used [0x00000000dae80000,0x00000000dae80000,0x00000000db380000)
 ParOldGen       total 84992K, used 4552K [0x0000000084200000, 0x0000000089500000, 0x00000000d6b80000)
  object space 84992K, 5% used [0x0000000084200000,0x00000000846720b8,0x0000000089500000)
 Metaspace       used 19823K, capacity 21264K, committed 21296K, reserved 1067008K
  class space    used 2558K, capacity 2834K, committed 2864K, reserved 1048576K
}
Event: 2.379 GC heap before
{Heap before GC invocations=6 (full 1):
 PSYoungGen      total 68608K, used 5117K [0x00000000d6b80000, 0x00000000db380000, 0x0000000100000000)
  eden space 63488K, 0% used [0x00000000d6b80000,0x00000000d6b80000,0x00000000da980000)
  from space 5120K, 99% used [0x00000000da980000,0x00000000dae7f458,0x00000000dae80000)
  to   space 5120K, 0% used [0x00000000dae80000,0x00000000dae80000,0x00000000db380000)
 ParOldGen       total 84992K, used 4552K [0x0000000084200000, 0x0000000089500000, 0x00000000d6b80000)
  object space 84992K, 5% used [0x0000000084200000,0x00000000846720b8,0x0000000089500000)
 Metaspace       used 19823K, capacity 21264K, committed 21296K, reserved 1067008K
  class space    used 2558K, capacity 2834K, committed 2864K, reserved 1048576K
Event: 2.424 GC heap after
Heap after GC invocations=6 (full 1):
 PSYoungGen      total 68608K, used 0K [0x00000000d6b80000, 0x00000000db380000, 0x0000000100000000)
  eden space 63488K, 0% used [0x00000000d6b80000,0x00000000d6b80000,0x00000000da980000)
  from space 5120K, 0% used [0x00000000da980000,0x00000000da980000,0x00000000dae80000)
  to   space 5120K, 0% used [0x00000000dae80000,0x00000000dae80000,0x00000000db380000)
 ParOldGen       total 51712K, used 5314K [0x0000000084200000, 0x0000000087480000, 0x00000000d6b80000)
  object space 51712K, 10% used [0x0000000084200000,0x0000000084730838,0x0000000087480000)
 Metaspace       used 19823K, capacity 21264K, committed 21296K, reserved 1067008K
  class space    used 2558K, capacity 2834K, committed 2864K, reserved 1048576K
}
Event: 3.064 GC heap before
{Heap before GC invocations=7 (full 1):
 PSYoungGen      total 68608K, used 63488K [0x00000000d6b80000, 0x00000000db380000, 0x0000000100000000)
  eden space 63488K, 100% used [0x00000000d6b80000,0x00000000da980000,0x00000000da980000)
  from space 5120K, 0% used [0x00000000da980000,0x00000000da980000,0x00000000dae80000)
  to   space 5120K, 0% used [0x00000000dae80000,0x00000000dae80000,0x00000000db380000)
 ParOldGen       total 51712K, used 5314K [0x0000000084200000, 0x0000000087480000, 0x00000000d6b80000)
  object space 51712K, 10% used [0x0000000084200000,0x0000000084730838,0x0000000087480000)
 Metaspace       used 23302K, capacity 24990K, committed 25264K, reserved 1071104K
  class space    used 3054K, capacity 3383K, committed 3504K, reserved 1048576K
Event: 3.068 GC heap after
Heap after GC invocations=7 (full 1):
 PSYoungGen      total 65536K, used 5118K [0x00000000d6b80000, 0x00000000ddd80000, 0x0000000100000000)
  eden space 60416K, 0% used [0x00000000d6b80000,0x00000000d6b80000,0x00000000da680000)
  from space 5120K, 99% used [0x00000000dae80000,0x00000000db37fac8,0x00000000db380000)
  to   space 8192K, 0% used [0x00000000da680000,0x00000000da680000,0x00000000dae80000)
 ParOldGen       total 51712K, used 5889K [0x0000000084200000, 0x0000000087480000, 0x00000000d6b80000)
  object space 51712K, 11% used [0x0000000084200000,0x00000000847c0670,0x0000000087480000)
 Metaspace       used 23302K, capacity 24990K, committed 25264K, reserved 1071104K
  class space    used 3054K, capacity 3383K, committed 3504K, reserved 1048576K
}

Deoptimization events (10 events):
Event: 2.763 Thread 0x00000000033bd000 Uncommon trap: reason=bimorphic action=maybe_recompile pc=0x0000000003bdf790 method=java.util.HashMap.putVal(ILjava/lang/Object;Ljava/lang/Object;ZZ)Ljava/lang/Object; @ 203
Event: 2.815 Thread 0x00000000033bd000 Uncommon trap: reason=predicate action=maybe_recompile pc=0x0000000003c73f8c method=java.util.AbstractCollection.toArray([Ljava/lang/Object;)[Ljava/lang/Object; @ 49
Event: 2.820 Thread 0x00000000033bd000 Uncommon trap: reason=bimorphic action=maybe_recompile pc=0x0000000003bdf790 method=java.util.HashMap.putVal(ILjava/lang/Object;Ljava/lang/Object;ZZ)Ljava/lang/Object; @ 203
Event: 2.850 Thread 0x00000000033bd000 Uncommon trap: reason=unstable_if action=reinterpret pc=0x0000000003b848cc method=org.springframework.boot.context.properties.source.ConfigurationPropertyName$ElementsParser.add(IILorg/springframework/boot/context/properties/source/ConfigurationPropertyNa
Event: 2.855 Thread 0x00000000033bd000 Uncommon trap: reason=array_check action=maybe_recompile pc=0x0000000003c94380 method=java.util.AbstractCollection.toArray([Ljava/lang/Object;)[Ljava/lang/Object; @ 119
Event: 2.855 Thread 0x00000000033bd000 Uncommon trap: reason=array_check action=maybe_recompile pc=0x0000000003c94380 method=java.util.AbstractCollection.toArray([Ljava/lang/Object;)[Ljava/lang/Object; @ 119
Event: 2.855 Thread 0x00000000033bd000 Uncommon trap: reason=array_check action=maybe_recompile pc=0x0000000003c94380 method=java.util.AbstractCollection.toArray([Ljava/lang/Object;)[Ljava/lang/Object; @ 119
Event: 2.855 Thread 0x00000000033bd000 Uncommon trap: reason=array_check action=maybe_recompile pc=0x0000000003c94380 method=java.util.AbstractCollection.toArray([Ljava/lang/Object;)[Ljava/lang/Object; @ 119
Event: 2.986 Thread 0x00000000033bd000 Uncommon trap: reason=bimorphic action=maybe_recompile pc=0x0000000003bdf790 method=java.util.HashMap.putVal(ILjava/lang/Object;Ljava/lang/Object;ZZ)Ljava/lang/Object; @ 203
Event: 2.986 Thread 0x00000000033bd000 Uncommon trap: reason=bimorphic action=maybe_recompile pc=0x0000000003bdf790 method=java.util.HashMap.putVal(ILjava/lang/Object;Ljava/lang/Object;ZZ)Ljava/lang/Object; @ 203

Classes redefined (0 events):
No events

Internal exceptions (10 events):
Event: 2.470 Thread 0x00000000033bd000 Exception <a 'java/lang/ClassNotFoundException': org/springframework/beans/factory/BeanClassLoaderAwareCustomizer> (0x00000000d731f798) thrown at [C:\re\workspace\8-2-build-windows-amd64-cygwin\jdk8u171\10807\hotspot\src\share\vm\classfile\systemDictionar
Event: 2.471 Thread 0x00000000033bd000 Exception <a 'java/lang/ClassNotFoundException': org/springframework/beans/factory/AwareCustomizer> (0x00000000d7337c00) thrown at [C:\re\workspace\8-2-build-windows-amd64-cygwin\jdk8u171\10807\hotspot\src\share\vm\classfile\systemDictionary.cpp, line 210
Event: 2.472 Thread 0x00000000033bd000 Exception <a 'java/lang/ClassNotFoundException': org/springframework/context/EnvironmentAwareCustomizer> (0x00000000d7350758) thrown at [C:\re\workspace\8-2-build-windows-amd64-cygwin\jdk8u171\10807\hotspot\src\share\vm\classfile\systemDictionary.cpp, lin
Event: 2.472 Thread 0x00000000033bd000 Exception <a 'java/lang/ClassNotFoundException': org/springframework/beans/factory/AwareCustomizer> (0x00000000d7368aa0) thrown at [C:\re\workspace\8-2-build-windows-amd64-cygwin\jdk8u171\10807\hotspot\src\share\vm\classfile\systemDictionary.cpp, line 210
Event: 2.577 Thread 0x000000001c817000 Exception <a 'java/lang/IncompatibleClassChangeError': Found class java.lang.Object, but interface was expected> (0x00000000d7ffc270) thrown at [C:\re\workspace\8-2-build-windows-amd64-cygwin\jdk8u171\10807\hotspot\src\share\vm\interpreter\linkResolver.cp
Event: 2.662 Thread 0x00000000033bd000 Exception <a 'java/lang/IncompatibleClassChangeError': Found class java.lang.Object, but interface was expected> (0x00000000d8acd560) thrown at [C:\re\workspace\8-2-build-windows-amd64-cygwin\jdk8u171\10807\hotspot\src\share\vm\interpreter\linkResolver.cp
Event: 2.724 Thread 0x00000000033bd000 Exception <a 'java/lang/NoSuchMethodError': java.lang.Object.lambda$getAllAnnotationAttributes$0(Lorg/springframework/util/MultiValueMap;)Lorg/springframework/util/MultiValueMap;> (0x00000000d8d8b538) thrown at [C:\re\workspace\8-2-build-windows-amd64-cyg
Event: 2.725 Thread 0x00000000033bd000 Exception <a 'java/lang/NoSuchMethodError': java.lang.Object.lambda$identity$2(Ljava/lang/Object;)Ljava/lang/Object;> (0x00000000d8d8f230) thrown at [C:\re\workspace\8-2-build-windows-amd64-cygwin\jdk8u171\10807\hotspot\src\share\vm\interpreter\linkResolv
Event: 2.852 Thread 0x00000000033bd000 Exception <a 'java/security/PrivilegedActionException'> (0x00000000d9684b90) thrown at [C:\re\workspace\8-2-build-windows-amd64-cygwin\jdk8u171\10807\hotspot\src\share\vm\prims\jvm.cpp, line 1435]
Event: 2.852 Thread 0x00000000033bd000 Exception <a 'java/security/PrivilegedActionException'> (0x00000000d9685358) thrown at [C:\re\workspace\8-2-build-windows-amd64-cygwin\jdk8u171\10807\hotspot\src\share\vm\prims\jvm.cpp, line 1435]

Events (10 events):
Event: 3.212 loading class org/springframework/web/servlet/view/ContentNegotiatingViewResolver
Event: 3.212 loading class org/springframework/web/servlet/view/ContentNegotiatingViewResolver done
Event: 3.217 loading class org/springframework/web/context/request/RequestContextListener
Event: 3.217 loading class org/springframework/web/context/request/RequestContextListener done
Event: 3.217 loading class javax/servlet/ServletRequestListener
Event: 3.217 loading class javax/servlet/ServletRequestListener done
Event: 3.223 loading class org/springframework/boot/autoconfigure/validation/ValidationAutoConfiguration
Event: 3.223 loading class org/springframework/boot/autoconfigure/validation/ValidationAutoConfiguration done
Event: 3.225 loading class org/springframework/web/filter/FormContentFilter
Event: 3.225 loading class org/springframework/web/filter/FormContentFilter done


Dynamic libraries:
0x00007ff69fd70000 - 0x00007ff69fda7000 	C:\develop\jdk\jdk1.8.0_171\bin\java.exe
0x00007ffe7a4a0000 - 0x00007ffe7a690000 	C:\Windows\SYSTEM32\ntdll.dll
0x00007ffe78890000 - 0x00007ffe78942000 	C:\Windows\System32\KERNEL32.DLL
0x00007ffe776d0000 - 0x00007ffe77975000 	C:\Windows\System32\KERNELBASE.dll
0x00007ffe70640000 - 0x00007ffe706cf000 	C:\Windows\SYSTEM32\apphelp.dll
0x00007ffe78700000 - 0x00007ffe787a3000 	C:\Windows\System32\ADVAPI32.dll
0x00007ffe79570000 - 0x00007ffe7960e000 	C:\Windows\System32\msvcrt.dll
0x00007ffe79610000 - 0x00007ffe796a7000 	C:\Windows\System32\sechost.dll
0x00007ffe7a290000 - 0x00007ffe7a3af000 	C:\Windows\System32\RPCRT4.dll
0x00007ffe78550000 - 0x00007ffe786e4000 	C:\Windows\System32\USER32.dll
0x00007ffe77420000 - 0x00007ffe77441000 	C:\Windows\System32\win32u.dll
0x00007ffe78bd0000 - 0x00007ffe78bf6000 	C:\Windows\System32\GDI32.dll
0x00007ffe779a0000 - 0x00007ffe77b38000 	C:\Windows\System32\gdi32full.dll
0x00007ffe77450000 - 0x00007ffe774ee000 	C:\Windows\System32\msvcp_win.dll
0x00007ffe775a0000 - 0x00007ffe7769a000 	C:\Windows\System32\ucrtbase.dll
0x00007ffe5f270000 - 0x00007ffe5f4f4000 	C:\Windows\WinSxS\amd64_microsoft.windows.common-controls_6595b64144ccf1df_6.0.18362.1379_none_9e7ff3b3e45cc0c4\COMCTL32.dll
0x00007ffe79870000 - 0x00007ffe79ba7000 	C:\Windows\System32\combase.dll
0x00007ffe77ba0000 - 0x00007ffe77c21000 	C:\Windows\System32\bcryptPrimitives.dll
0x00007ffe79bc0000 - 0x00007ffe79bee000 	C:\Windows\System32\IMM32.DLL
0x0000000062900000 - 0x00000000629d2000 	C:\develop\jdk\jdk1.8.0_171\jre\bin\msvcr100.dll
0x0000000060870000 - 0x0000000061110000 	C:\develop\jdk\jdk1.8.0_171\jre\bin\server\jvm.dll
0x00007ffe786f0000 - 0x00007ffe786f8000 	C:\Windows\System32\PSAPI.DLL
0x00007ffe59800000 - 0x00007ffe59809000 	C:\Windows\SYSTEM32\WSOCK32.dll
0x00007ffe78b60000 - 0x00007ffe78bcf000 	C:\Windows\System32\WS2_32.dll
0x00007ffe6e410000 - 0x00007ffe6e434000 	C:\Windows\SYSTEM32\WINMM.dll
0x00007ffe64bf0000 - 0x00007ffe64bfa000 	C:\Windows\SYSTEM32\VERSION.dll
0x00007ffe6e3e0000 - 0x00007ffe6e40d000 	C:\Windows\SYSTEM32\winmmbase.dll
0x00007ffe77d80000 - 0x00007ffe77dca000 	C:\Windows\System32\cfgmgr32.dll
0x00000000628f0000 - 0x00000000628ff000 	C:\develop\jdk\jdk1.8.0_171\jre\bin\verify.dll
0x00000000628c0000 - 0x00000000628e9000 	C:\develop\jdk\jdk1.8.0_171\jre\bin\java.dll
0x0000000062850000 - 0x0000000062873000 	C:\develop\jdk\jdk1.8.0_171\jre\bin\instrument.dll
0x00000000628a0000 - 0x00000000628b6000 	C:\develop\jdk\jdk1.8.0_171\jre\bin\zip.dll
0x00007ffe78e80000 - 0x00007ffe79568000 	C:\Windows\System32\SHELL32.dll
0x00007ffe7a3b0000 - 0x00007ffe7a457000 	C:\Windows\System32\shcore.dll
0x00007ffe77dd0000 - 0x00007ffe7854b000 	C:\Windows\System32\windows.storage.dll
0x00007ffe773b0000 - 0x00007ffe773d3000 	C:\Windows\System32\profapi.dll
0x00007ffe77360000 - 0x00007ffe773aa000 	C:\Windows\System32\powrprof.dll
0x00007ffe77350000 - 0x00007ffe77360000 	C:\Windows\System32\UMPDC.dll
0x00007ffe796b0000 - 0x00007ffe79702000 	C:\Windows\System32\shlwapi.dll
0x00007ffe773e0000 - 0x00007ffe773f1000 	C:\Windows\System32\kernel.appcore.dll
0x00007ffe77980000 - 0x00007ffe77997000 	C:\Windows\System32\cryptsp.dll
0x00007ffe624a0000 - 0x00007ffe624ba000 	C:\develop\ideaIU-2019.2.3.win\bin\breakgen64.dll
0x0000000062830000 - 0x000000006284a000 	C:\develop\jdk\jdk1.8.0_171\jre\bin\net.dll
0x00007ffe76b90000 - 0x00007ffe76bf7000 	C:\Windows\system32\mswsock.dll
0x00000000627c0000 - 0x00000000627d1000 	C:\develop\jdk\jdk1.8.0_171\jre\bin\nio.dll
0x00000000627e0000 - 0x00000000627ed000 	C:\develop\jdk\jdk1.8.0_171\jre\bin\management.dll
0x00007ffe51ea0000 - 0x00007ffe51eb6000 	C:\Windows\system32\napinsp.dll
0x00007ffe51e80000 - 0x00007ffe51e9a000 	C:\Windows\system32\pnrpnsp.dll
0x00007ffe768e0000 - 0x00007ffe769ab000 	C:\Windows\SYSTEM32\DNSAPI.dll
0x00007ffe79710000 - 0x00007ffe79718000 	C:\Windows\System32\NSI.dll
0x00007ffe768a0000 - 0x00007ffe768da000 	C:\Windows\SYSTEM32\IPHLPAPI.DLL
0x00007ffe4f170000 - 0x00007ffe4f17e000 	C:\Windows\System32\winrnr.dll
0x00007ffe6f0a0000 - 0x00007ffe6f0bc000 	C:\Windows\system32\NLAapi.dll
0x00007ffe6e610000 - 0x00007ffe6e625000 	C:\Windows\system32\wshbth.dll
0x00007ffe6b920000 - 0x00007ffe6b92a000 	C:\Windows\System32\rasadhlp.dll
0x00007ffe6a850000 - 0x00007ffe6a8c7000 	C:\Windows\System32\fwpuclnt.dll
0x00007ffe776a0000 - 0x00007ffe776c6000 	C:\Windows\System32\bcrypt.dll

VM Arguments:
jvm_args: -ea -Didea.test.cyclic.buffer.size=1048576 -javaagent:C:\develop\ideaIU-2019.2.3.win\lib\idea_rt.jar=63724:C:\develop\ideaIU-2019.2.3.win\bin -Dfile.encoding=UTF-8 
java_command: com.intellij.rt.execution.junit.JUnitStarter -ideVersion5 -junit5 com.qzing.sign.SignApplicationTests,testAA
java_class_path (initial): C:\develop\ideaIU-2019.2.3.win\lib\idea_rt.jar;C:\develop\ideaIU-2019.2.3.win\plugins\junit\lib\junit-rt.jar;C:\develop\ideaIU-2019.2.3.win\plugins\junit\lib\junit5-rt.jar;C:\Users\qzing\.m2\repository\org\junit\platform\junit-platform-launcher\1.7.0\junit-platform-launcher-1.7.0.jar;C:\Users\qzing\.m2\repository\org\apiguardian\apiguardian-api\1.1.0\apiguardian-api-1.1.0.jar;C:\Users\qzing\.m2\repository\org\junit\platform\junit-platform-engine\1.7.0\junit-platform-engine-1.7.0.jar;C:\Users\qzing\.m2\repository\org\opentest4j\opentest4j\1.2.0\opentest4j-1.2.0.jar;C:\Users\qzing\.m2\repository\org\junit\platform\junit-platform-commons\1.7.0\junit-platform-commons-1.7.0.jar;C:\develop\jdk\jdk1.8.0_171\jre\lib\charsets.jar;C:\develop\jdk\jdk1.8.0_171\jre\lib\deploy.jar;C:\develop\jdk\jdk1.8.0_171\jre\lib\ext\access-bridge-64.jar;C:\develop\jdk\jdk1.8.0_171\jre\lib\ext\cldrdata.jar;C:\develop\jdk\jdk1.8.0_171\jre\lib\ext\dnsns.jar;C:\develop\jdk\jdk1.8.0_171\jre\lib\ext\jaccess.jar;C:\develop\jdk\jdk1.8.0_171\jre\lib\ext\jfxrt.jar;C:\develop\jdk\jdk1.8.0_171\jre\lib\ext\localedata.jar;C:\develop\jdk\jdk1.8.0_171\jre\lib\ext\nashorn.jar;C:\develop\jdk\jdk1.8.0_171\jre\lib\ext\sunec.jar;C:\develop\jdk\jdk1.8.0_171\jre\lib\ext\sunjce_provider.jar;C:\develop\jdk\jdk1.8.0_171\jre\lib\ext\sunmscapi.jar;C:\develop\jdk\jdk1.8.0_171\jre\lib\ext\sunpkcs11.jar;C:\develop\jdk\jdk1.8.0_171\jre\lib\ext\zipfs.jar;C:\develop\jdk\jdk1.8.0_171\jre\lib\javaws.jar;C:\develop\jdk\jdk1.8.0_171\jre\lib\jce.jar;C:\develop\jdk\jdk1.8.0_171\jre\lib\jfr.jar;C:\develop\jdk\jdk1.8.0_171\jre\lib\jfxswt.jar;C:\develop\jdk\jdk1.8.0_171\jre\lib\jsse.jar;C:\develop\jdk\jdk1.8.0_171\jre\lib\management-agent.jar;C:\develop\jdk\jdk1.8.0_171\jre\lib\plugin.jar;C:\develop\jdk\jdk1.8.0_171\jre\lib\resources.jar;C:\develop\jdk\jdk1.8.0_171\jre\lib\rt.jar;C:\source\workspace\sign\target\test-classes;C:\source\workspace\sign\target\classes;C:\develop\maven\repository\org\springframe
Launcher Type: SUN_STANDARD

Environment Variables:
JAVA_HOME=C:\develop\jdk\jdk1.8.0_171
JRE_HOME=C:\develop\jdk\jre1.8.0_171
PATH=C:\develop\oracle\OracleXE112\app\oracle\product\11.2.0\server\bin;;C:\develop\ai\Anaconda3;C:\develop\ai\Anaconda3\Library\mingw-w64\bin;C:\develop\ai\Anaconda3\Library\usr\bin;C:\develop\ai\Anaconda3\Library\bin;C:\develop\ai\Anaconda3\Scripts;C:\develop\xshell6\;C:\develop\Xftp6\;C:\Program Files (x86)\Common Files\Oracle\Java\javapath;C:\Windows\system32;C:\Windows;C:\Windows\System32\Wbem;C:\Windows\System32\WindowsPowerShell\v1.0\;C:\Windows\System32\OpenSSH\;C:\Program Files\TortoiseSVN\bin;C:\develop\oracle\ora90\BIN;C:\develop\oracle\ora90\BIN\;C:\develop\MySQL\MySQL5.5\bin;C:\develop\nodejs;C:\develop\yarn\bin;C:\develop\Git\cmd;C:\Users\qzing\AppData\Roaming\npm\node_modules\cnpm;C:\Users\qzing\AppData\Roaming\npm;C:\develop\jdk\jdk1.8.0_171\bin;C:\develop\maven\apache-maven-3.5.4\bin;C:\Users\qzing\AppData\Local\Microsoft\WindowsApps;C:\Program Files\Bandizip\
USERNAME=qzing
OS=Windows_NT
PROCESSOR_IDENTIFIER=Intel64 Family 6 Model 142 Stepping 12, GenuineIntel



---------------  S Y S T E M  ---------------

OS: Windows 10.0 , 64 bit Build 18362 (10.0.18362.1350)

CPU:total 8 (initial active 8) (4 cores per cpu, 2 threads per core) family 6 model 142 stepping 12, cmov, cx8, fxsr, mmx, sse, sse2, sse3, ssse3, sse4.1, sse4.2, popcnt, avx, avx2, aes, clmul, erms, 3dnowpref, lzcnt, ht, tsc, tscinvbit, bmi1, bmi2, adx

Memory: 4k page, physical 8113792k(440012k free), swap 33279616k(5140k free)

vm_info: Java HotSpot(TM) 64-Bit Server VM (25.171-b11) for windows-amd64 JRE (1.8.0_171-b11), built on Mar 28 2018 16:06:12 by "java_re" with MS VC++ 10.0 (VS2010)

time: Mon Mar 08 09:57:28 2021
elapsed time: 3 seconds (0d 0h 0m 3s)

